<?xml version="1.0" encoding="UTF-8"?>
<!-- Generated by org.testng.reporters.JUnitReportReporter -->
<testsuite hostname="NAVS-NOTEBOOK" failures="0" tests="5" name="testCases.Tc_003_loginDDT" time="18.225" errors="0" timestamp="2024-03-02T11:33:10 IST" skipped="0">
  <testcase classname="testCases.Tc_003_loginDDT" name="test_loginddt" time="11.062"/>
  <testcase classname="testCases.Tc_003_loginDDT" name="test_loginddt" time="1.533"/>
  <testcase classname="testCases.Tc_003_loginDDT" name="test_loginddt" time="1.606"/>
  <testcase classname="testCases.Tc_003_loginDDT" name="test_loginddt" time="1.697"/>
  <testcase classname="testCases.Tc_003_loginDDT" name="test_loginddt" time="2.327"/>
</testsuite> <!-- testCases.Tc_003_loginDDT -->
