<?xml version="1.0" encoding="UTF-8"?>
<!-- Generated by org.testng.reporters.JUnitReportReporter -->
<testsuite hostname="NAVS-NOTEBOOK" failures="0" tests="1" name="testCases.Tc_002_logintest" time="1.599" errors="0" timestamp="2024-03-02T11:33:10 IST" skipped="0">
  <testcase classname="testCases.Tc_002_logintest" name="logintest" time="1.599"/>
</testsuite> <!-- testCases.Tc_002_logintest -->
