<?xml version="1.0" encoding="UTF-8"?>
<!-- Generated by org.testng.reporters.JUnitReportReporter -->
<testsuite hostname="NAVS-NOTEBOOK" failures="0" tests="1" name="testCases.Tc_001_AccountRegistrationPage" time="12.884" errors="0" timestamp="2024-02-29T10:34:35 IST" skipped="0">
  <testcase classname="testCases.Tc_001_AccountRegistrationPage" name="test_account_registration" time="12.884"/>
</testsuite> <!-- testCases.Tc_001_AccountRegistrationPage -->
