<?xml version="1.0" encoding="UTF-8"?>
<!-- Generated by org.testng.reporters.JUnitReportReporter -->
<testsuite hostname="NAVS-NOTEBOOK" failures="0" tests="5" name="testCases.Tc_003_loginDDT" time="15.439" errors="0" timestamp="2024-03-02T11:35:29 IST" skipped="0">
  <testcase classname="testCases.Tc_003_loginDDT" name="test_loginddt" time="10.684"/>
  <testcase classname="testCases.Tc_003_loginDDT" name="test_loginddt" time="1.030"/>
  <testcase classname="testCases.Tc_003_loginDDT" name="test_loginddt" time="1.561"/>
  <testcase classname="testCases.Tc_003_loginDDT" name="test_loginddt" time="1.143"/>
  <testcase classname="testCases.Tc_003_loginDDT" name="test_loginddt" time="1.021"/>
</testsuite> <!-- testCases.Tc_003_loginDDT -->
